{"total": {"lines":{"total":179,"covered":156,"skipped":0,"pct":87.15},"statements":{"total":179,"covered":156,"skipped":0,"pct":87.15},"functions":{"total":7,"covered":5,"skipped":0,"pct":71.42},"branches":{"total":8,"covered":7,"skipped":0,"pct":87.5},"branchesTrue":{"total":0,"covered":0,"skipped":0,"pct":100}}
,"/Users/psego/Development/NullVoxPopuli/ember-code-coverage/src/utils.js": {"lines":{"total":1,"covered":1,"skipped":0,"pct":100},"functions":{"total":0,"covered":0,"skipped":0,"pct":100},"statements":{"total":1,"covered":1,"skipped":0,"pct":100},"branches":{"total":0,"covered":0,"skipped":0,"pct":100}}
,"/Users/psego/Development/NullVoxPopuli/ember-code-coverage/src/adapters/qunit.js": {"lines":{"total":64,"covered":48,"skipped":0,"pct":75},"functions":{"total":0,"covered":0,"skipped":0,"pct":100},"statements":{"total":64,"covered":48,"skipped":0,"pct":75},"branches":{"total":2,"covered":1,"skipped":0,"pct":50}}
,"/Users/psego/Development/NullVoxPopuli/ember-code-coverage/test-scenarios/v2-addon-js/src/components/counter.gjs": {"lines":{"total":48,"covered":41,"skipped":0,"pct":85.41},"functions":{"total":6,"covered":4,"skipped":0,"pct":66.66},"statements":{"total":48,"covered":41,"skipped":0,"pct":85.41},"branches":{"total":4,"covered":4,"skipped":0,"pct":100}}
,"/Users/psego/Development/NullVoxPopuli/ember-code-coverage/test-scenarios/v2-addon-js/tests/index.html?html-proxy&index=1.js": {"lines":{"total":4,"covered":4,"skipped":0,"pct":100},"functions":{"total":0,"covered":0,"skipped":0,"pct":100},"statements":{"total":4,"covered":4,"skipped":0,"pct":100},"branches":{"total":0,"covered":0,"skipped":0,"pct":100}}
,"/Users/psego/Development/NullVoxPopuli/ember-code-coverage/test-scenarios/v2-addon-js/tests/test-helper.js": {"lines":{"total":35,"covered":35,"skipped":0,"pct":100},"functions":{"total":0,"covered":0,"skipped":0,"pct":100},"statements":{"total":35,"covered":35,"skipped":0,"pct":100},"branches":{"total":0,"covered":0,"skipped":0,"pct":100}}
,"/Users/psego/Development/NullVoxPopuli/ember-code-coverage/test-scenarios/v2-addon-js/tests/integration/components/counter-test.gjs": {"lines":{"total":27,"covered":27,"skipped":0,"pct":100},"functions":{"total":1,"covered":1,"skipped":0,"pct":100},"statements":{"total":27,"covered":27,"skipped":0,"pct":100},"branches":{"total":2,"covered":2,"skipped":0,"pct":100}}
}
